[ 2018-05-14T23:02:44+08:00 ] ::1 /qiyue/admin
ERR: 无法加载模块:Qiyue

[ 2018-05-14T23:02:53+08:00 ] ::1 /qiyue/admin/home/index
ERR: 无法加载模块:Qiyue

[ 2018-05-14T23:03:02+08:00 ] ::1 /qiyue/admin/home/index.html
ERR: 无法加载模块:Qiyue

[ 2018-05-14T23:20:45+08:00 ] ::1 /qiyue/Public/Css/images/user.png
ERR: 无法加载模块:Qiyue

[ 2018-05-14T23:20:45+08:00 ] ::1 /qiyue/Public/Css/images/bar1.jpg
ERR: 无法加载模块:Qiyue

[ 2018-05-14T23:20:45+08:00 ] ::1 /qiyue/Public/Css/images/out.png
ERR: 无法加载模块:Qiyue

[ 2018-05-14T23:20:45+08:00 ] ::1 /qiyue/Public/Css/images/arrow_next.png
ERR: 无法加载模块:Qiyue

[ 2018-05-14T23:20:45+08:00 ] ::1 /qiyue/Public/Css/images/top.jpg
ERR: 无法加载模块:Qiyue

[ 2018-05-14T23:20:45+08:00 ] ::1 /qiyue/Public/Css/images/user.png
ERR: 无法加载模块:Qiyue

[ 2018-05-14T23:20:45+08:00 ] ::1 /qiyue/Public/Css/images/base.png
ERR: 无法加载模块:Qiyue

[ 2018-05-14T23:20:45+08:00 ] ::1 /qiyue/Public/Css/images/1_111219133417_2_03.gif
ERR: 无法加载模块:Qiyue

[ 2018-05-14T23:31:24+08:00 ] ::1 /qiyue/Public/Css/images/bar1.jpg
ERR: 无法加载模块:Qiyue

[ 2018-05-14T23:31:24+08:00 ] ::1 /qiyue/Public/Css/images/user.png
ERR: 无法加载模块:Qiyue

[ 2018-05-14T23:31:24+08:00 ] ::1 /qiyue/Public/Css/images/arrow_next.png
ERR: 无法加载模块:Qiyue

[ 2018-05-14T23:31:24+08:00 ] ::1 /qiyue/Public/Css/images/out.png
ERR: 无法加载模块:Qiyue

[ 2018-05-14T23:31:24+08:00 ] ::1 /qiyue/Public/Css/images/top.jpg
ERR: 无法加载模块:Qiyue

[ 2018-05-14T23:31:24+08:00 ] ::1 /qiyue/Public/Css/images/user.png
ERR: 无法加载模块:Qiyue

[ 2018-05-14T23:31:24+08:00 ] ::1 /qiyue/Public/Css/images/1_111219133417_2_03.gif
ERR: 无法加载模块:Qiyue

[ 2018-05-14T23:31:24+08:00 ] ::1 /qiyue/Public/Css/images/base.png
ERR: 无法加载模块:Qiyue

[ 2018-05-14T23:31:39+08:00 ] ::1 /qiyue/Public/Css//images/1_111219133417_2_03.gif
ERR: 无法加载模块:Qiyue

[ 2018-05-14T23:31:42+08:00 ] ::1 /qiyue/Public/Css//images/1_111219133417_2_03.gif
ERR: 无法加载模块:Qiyue

[ 2018-05-14T23:32:57+08:00 ] ::1 /qiyue/Public/Css/images/bar1.jpg
ERR: 无法加载模块:Qiyue

[ 2018-05-14T23:32:57+08:00 ] ::1 /qiyue/Public/Css/images/user.png
ERR: 无法加载模块:Qiyue

[ 2018-05-14T23:32:57+08:00 ] ::1 /qiyue/Public/Css/images/arrow_next.png
ERR: 无法加载模块:Qiyue

[ 2018-05-14T23:32:57+08:00 ] ::1 /qiyue/Public/Css/images/top.jpg
ERR: 无法加载模块:Qiyue

[ 2018-05-14T23:32:57+08:00 ] ::1 /qiyue/Public/Css/images/out.png
ERR: 无法加载模块:Qiyue

[ 2018-05-14T23:32:58+08:00 ] ::1 /qiyue/Public/Css/images/1_111219133417_2_03.gif
ERR: 无法加载模块:Qiyue

[ 2018-05-14T23:32:58+08:00 ] ::1 /qiyue/Public/Css/images/user.png
ERR: 无法加载模块:Qiyue

[ 2018-05-14T23:32:58+08:00 ] ::1 /qiyue/Public/Css/images/base.png
ERR: 无法加载模块:Qiyue

[ 2018-05-14T23:32:59+08:00 ] ::1 /qiyue/Public/Css//images/1_111219133417_2_03.gif
ERR: 无法加载模块:Qiyue

[ 2018-05-14T23:34:54+08:00 ] ::1 /qiyue/Public/Css/images/top.jpg
ERR: 无法加载模块:Qiyue

[ 2018-05-14T23:34:54+08:00 ] ::1 /qiyue/Public/Css/images/out.png
ERR: 无法加载模块:Qiyue

[ 2018-05-14T23:34:54+08:00 ] ::1 /qiyue/Public/Css/images/bar1.jpg
ERR: 无法加载模块:Qiyue

[ 2018-05-14T23:34:54+08:00 ] ::1 /qiyue/Public/Css/images/arrow_next.png
ERR: 无法加载模块:Qiyue

[ 2018-05-14T23:34:54+08:00 ] ::1 /qiyue/Public/Css/images/user.png
ERR: 无法加载模块:Qiyue

[ 2018-05-14T23:34:54+08:00 ] ::1 /qiyue/Public/Css/images/1_111219133417_2_03.gif
ERR: 无法加载模块:Qiyue

[ 2018-05-14T23:34:54+08:00 ] ::1 /qiyue/Public/Css/images/user.png
ERR: 无法加载模块:Qiyue

[ 2018-05-14T23:34:54+08:00 ] ::1 /qiyue/Public/Css/images/base.png
ERR: 无法加载模块:Qiyue

[ 2018-05-14T23:41:26+08:00 ] ::1 /qiyue/Public/Css/images/bar1.jpg
ERR: 无法加载模块:Qiyue

[ 2018-05-14T23:41:26+08:00 ] ::1 /qiyue/Public/Css/images/out.png
ERR: 无法加载模块:Qiyue

[ 2018-05-14T23:41:26+08:00 ] ::1 /qiyue/Public/Css/images/user.png
ERR: 无法加载模块:Qiyue

[ 2018-05-14T23:41:27+08:00 ] ::1 /qiyue/Public/Css/images/top.jpg
ERR: 无法加载模块:Qiyue

[ 2018-05-14T23:41:27+08:00 ] ::1 /qiyue/Public/Css/images/arrow_next.png
ERR: 无法加载模块:Qiyue

[ 2018-05-14T23:41:27+08:00 ] ::1 /qiyue/Public/Css/images/base.png
ERR: 无法加载模块:Qiyue

[ 2018-05-14T23:41:27+08:00 ] ::1 /qiyue/Public/Css/images/1_111219133417_2_03.gif
ERR: 无法加载模块:Qiyue

[ 2018-05-14T23:41:27+08:00 ] ::1 /qiyue/Public/Css/images/user.png
ERR: 无法加载模块:Qiyue

[ 2018-05-14T23:41:28+08:00 ] ::1 /qiyue/Public/Css//images/1_111219133417_2_03.gif
ERR: 无法加载模块:Qiyue

[ 2018-05-14T23:42:59+08:00 ] ::1 /qiyue/Public/Css/images/bar1.jpg
ERR: 无法加载模块:Qiyue

[ 2018-05-14T23:42:59+08:00 ] ::1 /qiyue/Public/Css/images/user.png
ERR: 无法加载模块:Qiyue

[ 2018-05-14T23:42:59+08:00 ] ::1 /qiyue/Public/Css/images/out.png
ERR: 无法加载模块:Qiyue

[ 2018-05-14T23:42:59+08:00 ] ::1 /qiyue/Public/Css/images/arrow_next.png
ERR: 无法加载模块:Qiyue

[ 2018-05-14T23:42:59+08:00 ] ::1 /qiyue/Public/Css/images/top.jpg
ERR: 无法加载模块:Qiyue

[ 2018-05-14T23:42:59+08:00 ] ::1 /qiyue/Public/Css/images/user.png
ERR: 无法加载模块:Qiyue

[ 2018-05-14T23:42:59+08:00 ] ::1 /qiyue/Public/Css/images/base.png
ERR: 无法加载模块:Qiyue

[ 2018-05-14T23:42:59+08:00 ] ::1 /qiyue/Public/Css/images/1_111219133417_2_03.gif
ERR: 无法加载模块:Qiyue

[ 2018-05-14T23:44:23+08:00 ] ::1 /qiyue/Public/Css/images/user.png
ERR: 无法加载模块:Qiyue

[ 2018-05-14T23:44:23+08:00 ] ::1 /qiyue/Public/Css/images/bar1.jpg
ERR: 无法加载模块:Qiyue

[ 2018-05-14T23:44:23+08:00 ] ::1 /qiyue/Public/Css/images/arrow_next.png
ERR: 无法加载模块:Qiyue

[ 2018-05-14T23:44:23+08:00 ] ::1 /qiyue/Public/Css/images/top.jpg
ERR: 无法加载模块:Qiyue

[ 2018-05-14T23:44:23+08:00 ] ::1 /qiyue/Public/Css/images/out.png
ERR: 无法加载模块:Qiyue

[ 2018-05-14T23:44:23+08:00 ] ::1 /qiyue/Public/Css/images/base.png
ERR: 无法加载模块:Qiyue

[ 2018-05-14T23:44:23+08:00 ] ::1 /qiyue/Public/Css/images/1_111219133417_2_03.gif
ERR: 无法加载模块:Qiyue

[ 2018-05-14T23:44:23+08:00 ] ::1 /qiyue/Public/Css/images/user.png
ERR: 无法加载模块:Qiyue

[ 2018-05-14T23:51:29+08:00 ] ::1 /qiyue/Public/Upload/2018-05-14/5af9afe140702.jpg
ERR: 无法加载模块:Qiyue

[ 2018-05-14T23:51:48+08:00 ] ::1 /qiyue/Public/Css/images/bar1.jpg
ERR: 无法加载模块:Qiyue

[ 2018-05-14T23:51:48+08:00 ] ::1 /qiyue/Public/Css/images/out.png
ERR: 无法加载模块:Qiyue

[ 2018-05-14T23:51:48+08:00 ] ::1 /qiyue/Public/Css/images/user.png
ERR: 无法加载模块:Qiyue

[ 2018-05-14T23:51:48+08:00 ] ::1 /qiyue/Public/Css/images/arrow_next.png
ERR: 无法加载模块:Qiyue

[ 2018-05-14T23:51:48+08:00 ] ::1 /qiyue/Public/Css/images/top.jpg
ERR: 无法加载模块:Qiyue

[ 2018-05-14T23:51:48+08:00 ] ::1 /qiyue/Public/Css/images/1_111219133417_2_03.gif
ERR: 无法加载模块:Qiyue

[ 2018-05-14T23:51:48+08:00 ] ::1 /qiyue/Public/Css/images/base.png
ERR: 无法加载模块:Qiyue

[ 2018-05-14T23:51:48+08:00 ] ::1 /qiyue/Public/Css/images/user.png
ERR: 无法加载模块:Qiyue

[ 2018-05-14T23:51:50+08:00 ] ::1 /qiyue/Public/Css//images/1_111219133417_2_03.gif
ERR: 无法加载模块:Qiyue

[ 2018-05-14T23:55:22+08:00 ] ::1 /qiyue/Public/Css/images/arrow_next.png
ERR: 无法加载模块:Qiyue

[ 2018-05-14T23:55:22+08:00 ] ::1 /qiyue/Public/Css/images/bar1.jpg
ERR: 无法加载模块:Qiyue
[ 2018-05-14T23:55:22+08:00 ] ::1 /qiyue/Public/Css/images/out.png
ERR: 无法加载模块:Qiyue

[ 2018-05-14T23:55:22+08:00 ] ::1 /qiyue/Public/Css/images/user.png
ERR: 无法加载模块:Qiyue

[ 2018-05-14T23:55:22+08:00 ] ::1 /qiyue/Public/Css/images/1_111219133417_2_03.gif
ERR: 无法加载模块:Qiyue

[ 2018-05-14T23:55:22+08:00 ] ::1 /qiyue/Public/Css/images/base.png
ERR: 无法加载模块:Qiyue

[ 2018-05-14T23:55:22+08:00 ] ::1 /qiyue/Public/Css/images/user.png
ERR: 无法加载模块:Qiyue

[ 2018-05-14T23:55:24+08:00 ] ::1 /qiyue/Public/Css//images/1_111219133417_2_03.gif
ERR: 无法加载模块:Qiyue

[ 2018-05-14T23:55:59+08:00 ] ::1 /qiyue/Public/Css/images/user.png
ERR: 无法加载模块:Qiyue

[ 2018-05-14T23:55:59+08:00 ] ::1 /qiyue/Public/Css/images/bar1.jpg
ERR: 无法加载模块:Qiyue

[ 2018-05-14T23:55:59+08:00 ] ::1 /qiyue/Public/Css/images/top.jpg
ERR: 无法加载模块:Qiyue

[ 2018-05-14T23:56:00+08:00 ] ::1 /qiyue/Public/Css/images/out.png
ERR: 无法加载模块:Qiyue

[ 2018-05-14T23:56:00+08:00 ] ::1 /qiyue/Public/Css/images/arrow_next.png
ERR: 无法加载模块:Qiyue

[ 2018-05-14T23:56:00+08:00 ] ::1 /qiyue/Public/Css/images/1_111219133417_2_03.gif
ERR: 无法加载模块:Qiyue

[ 2018-05-14T23:56:00+08:00 ] ::1 /qiyue/Public/Css/images/user.png
ERR: 无法加载模块:Qiyue

[ 2018-05-14T23:56:00+08:00 ] ::1 /qiyue/Public/Css/images/base.png
ERR: 无法加载模块:Qiyue

[ 2018-05-14T23:56:15+08:00 ] ::1 /qiyue/Public/Css/images/bar1.jpg
ERR: 无法加载模块:Qiyue

[ 2018-05-14T23:56:15+08:00 ] ::1 /qiyue/Public/Css/images/user.png
ERR: 无法加载模块:Qiyue

[ 2018-05-14T23:56:15+08:00 ] ::1 /qiyue/Public/Css/images/arrow_next.png
ERR: 无法加载模块:Qiyue

[ 2018-05-14T23:56:15+08:00 ] ::1 /qiyue/Public/Css/images/top.jpg
ERR: 无法加载模块:Qiyue

[ 2018-05-14T23:56:15+08:00 ] ::1 /qiyue/Public/Css/images/out.png
ERR: 无法加载模块:Qiyue

[ 2018-05-14T23:56:15+08:00 ] ::1 /qiyue/Public/Css/images/base.png
ERR: 无法加载模块:Qiyue

[ 2018-05-14T23:56:15+08:00 ] ::1 /qiyue/Public/Css/images/user.png
ERR: 无法加载模块:Qiyue

[ 2018-05-14T23:56:15+08:00 ] ::1 /qiyue/Public/Css/images/1_111219133417_2_03.gif
ERR: 无法加载模块:Qiyue

[ 2018-05-14T23:56:15+08:00 ] ::1 /qiyue/Public/Css/images/bar1.jpg
ERR: 无法加载模块:Qiyue

[ 2018-05-14T23:56:15+08:00 ] ::1 /qiyue/Public/Css/images/user.png
ERR: 无法加载模块:Qiyue

[ 2018-05-14T23:56:15+08:00 ] ::1 /qiyue/Public/Css/images/arrow_next.png
ERR: 无法加载模块:Qiyue

[ 2018-05-14T23:56:15+08:00 ] ::1 /qiyue/Public/Css/images/out.png
ERR: 无法加载模块:Qiyue

[ 2018-05-14T23:56:15+08:00 ] ::1 /qiyue/Public/Css/images/top.jpg
ERR: 无法加载模块:Qiyue

[ 2018-05-14T23:56:15+08:00 ] ::1 /qiyue/Public/Css/images/bar1.jpg
ERR: 无法加载模块:Qiyue

[ 2018-05-14T23:56:15+08:00 ] ::1 /qiyue/Public/Css/images/user.png
ERR: 无法加载模块:Qiyue

[ 2018-05-14T23:56:15+08:00 ] ::1 /qiyue/Public/Css/images/out.png
ERR: 无法加载模块:Qiyue

[ 2018-05-14T23:56:15+08:00 ] ::1 /qiyue/Public/Css/images/arrow_next.png
ERR: 无法加载模块:Qiyue

[ 2018-05-14T23:56:15+08:00 ] ::1 /qiyue/Public/Css/images/top.jpg
ERR: 无法加载模块:Qiyue

[ 2018-05-14T23:56:15+08:00 ] ::1 /qiyue/Public/Css/images/1_111219133417_2_03.gif
ERR: 无法加载模块:Qiyue

[ 2018-05-14T23:56:15+08:00 ] ::1 /qiyue/Public/Css/images/user.png
ERR: 无法加载模块:Qiyue

[ 2018-05-14T23:56:15+08:00 ] ::1 /qiyue/Public/Css/images/base.png
ERR: 无法加载模块:Qiyue

[ 2018-05-14T23:56:16+08:00 ] ::1 /qiyue/Public/Css//images/1_111219133417_2_03.gif
ERR: 无法加载模块:Qiyue

[ 2018-05-14T23:56:42+08:00 ] ::1 /qiyue/Public/Css/images/bar1.jpg
ERR: 无法加载模块:Qiyue

[ 2018-05-14T23:56:42+08:00 ] ::1 /qiyue/Public/Css/images/user.png
ERR: 无法加载模块:Qiyue

[ 2018-05-14T23:56:42+08:00 ] ::1 /qiyue/Public/Css/images/out.png
ERR: 无法加载模块:Qiyue

[ 2018-05-14T23:56:42+08:00 ] ::1 /qiyue/Public/Css/images/arrow_next.png
ERR: 无法加载模块:Qiyue

[ 2018-05-14T23:56:42+08:00 ] ::1 /qiyue/Public/Css/images/top.jpg
ERR: 无法加载模块:Qiyue

[ 2018-05-14T23:56:42+08:00 ] ::1 /qiyue/Public/Css/images/1_111219133417_2_03.gif
ERR: 无法加载模块:Qiyue

[ 2018-05-14T23:56:42+08:00 ] ::1 /qiyue/Public/Css/images/base.png
ERR: 无法加载模块:Qiyue

[ 2018-05-14T23:56:42+08:00 ] ::1 /qiyue/Public/Css/images/user.png
ERR: 无法加载模块:Qiyue

[ 2018-05-14T23:57:00+08:00 ] ::1 /qiyue/Public/Css/images/bar1.jpg
ERR: 无法加载模块:Qiyue

[ 2018-05-14T23:57:00+08:00 ] ::1 /qiyue/Public/Css/images/out.png
ERR: 无法加载模块:Qiyue

[ 2018-05-14T23:57:00+08:00 ] ::1 /qiyue/Public/Css/images/user.png
ERR: 无法加载模块:Qiyue

[ 2018-05-14T23:57:00+08:00 ] ::1 /qiyue/Public/Css/images/top.jpg
ERR: 无法加载模块:Qiyue

[ 2018-05-14T23:57:00+08:00 ] ::1 /qiyue/Public/Css/images/arrow_next.png
ERR: 无法加载模块:Qiyue

[ 2018-05-14T23:57:00+08:00 ] ::1 /qiyue/Public/Css/images/base.png
ERR: 无法加载模块:Qiyue

[ 2018-05-14T23:57:00+08:00 ] ::1 /qiyue/Public/Css/images/user.png
ERR: 无法加载模块:Qiyue

[ 2018-05-14T23:57:00+08:00 ] ::1 /qiyue/Public/Css/images/1_111219133417_2_03.gif
ERR: 无法加载模块:Qiyue

