[ 2018-05-16T12:32:33+08:00 ] ::1 /qiyue/Public/Css/images/bar1.jpg
ERR: 无法加载模块:Qiyue

[ 2018-05-16T12:32:33+08:00 ] ::1 /qiyue/Public/Css/images/user.png
ERR: 无法加载模块:Qiyue

[ 2018-05-16T12:32:33+08:00 ] ::1 /qiyue/Public/Css/images/arrow_next.png
ERR: 无法加载模块:Qiyue

[ 2018-05-16T12:32:33+08:00 ] ::1 /qiyue/Public/Css/images/top.jpg
ERR: 无法加载模块:Qiyue

[ 2018-05-16T12:32:33+08:00 ] ::1 /qiyue/Public/Css/images/out.png
ERR: 无法加载模块:Qiyue

[ 2018-05-16T12:32:33+08:00 ] ::1 /qiyue/Public/Css/images/1_111219133417_2_03.gif
ERR: 无法加载模块:Qiyue

[ 2018-05-16T12:32:33+08:00 ] ::1 /qiyue/Public/Css/images/base.png
ERR: 无法加载模块:Qiyue

[ 2018-05-16T12:32:33+08:00 ] ::1 /qiyue/Public/Css/images/user.png
ERR: 无法加载模块:Qiyue

[ 2018-05-16T12:32:40+08:00 ] ::1 /qiyue/Public/Css//images/1_111219133417_2_03.gif
ERR: 无法加载模块:Qiyue

[ 2018-05-16T12:33:09+08:00 ] ::1 /qiyue/Public/Css//images/1_111219133417_2_03.gif
ERR: 无法加载模块:Qiyue

[ 2018-05-16T12:38:20+08:00 ] ::1 /qiyue/Public/Css/images/user.png
ERR: 无法加载模块:Qiyue

[ 2018-05-16T12:38:20+08:00 ] ::1 /qiyue/Public/Css/images/bar1.jpg
ERR: 无法加载模块:Qiyue

[ 2018-05-16T12:38:20+08:00 ] ::1 /qiyue/Public/Css/images/out.png
ERR: 无法加载模块:Qiyue

[ 2018-05-16T12:38:20+08:00 ] ::1 /qiyue/Public/Css/images/arrow_next.png
ERR: 无法加载模块:Qiyue

[ 2018-05-16T12:38:20+08:00 ] ::1 /qiyue/Public/Css/images/top.jpg
ERR: 无法加载模块:Qiyue

[ 2018-05-16T12:38:20+08:00 ] ::1 /qiyue/Public/Css/images/base.png
ERR: 无法加载模块:Qiyue

[ 2018-05-16T12:38:20+08:00 ] ::1 /qiyue/Public/Css/images/user.png
ERR: 无法加载模块:Qiyue

[ 2018-05-16T12:38:20+08:00 ] ::1 /qiyue/Public/Css/images/1_111219133417_2_03.gif
ERR: 无法加载模块:Qiyue

[ 2018-05-16T12:38:21+08:00 ] ::1 /qiyue/Public/Css/images/top.jpg
ERR: 无法加载模块:Qiyue

[ 2018-05-16T12:38:21+08:00 ] ::1 /qiyue/Public/Css/images/bar1.jpg
ERR: 无法加载模块:Qiyue

[ 2018-05-16T12:38:21+08:00 ] ::1 /qiyue/Public/Css/images/arrow_next.png
ERR: 无法加载模块:Qiyue

[ 2018-05-16T12:38:21+08:00 ] ::1 /qiyue/Public/Css/images/user.png
ERR: 无法加载模块:Qiyue

[ 2018-05-16T12:38:21+08:00 ] ::1 /qiyue/Public/Css/images/out.png
ERR: 无法加载模块:Qiyue

[ 2018-05-16T12:38:21+08:00 ] ::1 /qiyue/Public/Css/images/1_111219133417_2_03.gif
ERR: 无法加载模块:Qiyue

[ 2018-05-16T12:38:21+08:00 ] ::1 /qiyue/Public/Css/images/user.png
ERR: 无法加载模块:Qiyue

[ 2018-05-16T12:38:21+08:00 ] ::1 /qiyue/Public/Css/images/base.png
ERR: 无法加载模块:Qiyue

[ 2018-05-16T12:38:21+08:00 ] ::1 /qiyue/Public/Css/images/bar1.jpg
ERR: 无法加载模块:Qiyue

[ 2018-05-16T12:38:21+08:00 ] ::1 /qiyue/Public/Css/images/top.jpg
ERR: 无法加载模块:Qiyue

[ 2018-05-16T12:38:21+08:00 ] ::1 /qiyue/Public/Css/images/arrow_next.png
ERR: 无法加载模块:Qiyue

[ 2018-05-16T12:38:21+08:00 ] ::1 /qiyue/Public/Css/images/out.png
ERR: 无法加载模块:Qiyue

[ 2018-05-16T12:38:21+08:00 ] ::1 /qiyue/Public/Css/images/user.png
ERR: 无法加载模块:Qiyue

[ 2018-05-16T12:38:21+08:00 ] ::1 /qiyue/Public/Css/images/1_111219133417_2_03.gif
ERR: 无法加载模块:Qiyue

[ 2018-05-16T12:38:21+08:00 ] ::1 /qiyue/Public/Css/images/base.png
ERR: 无法加载模块:Qiyue

[ 2018-05-16T12:38:21+08:00 ] ::1 /qiyue/Public/Css/images/user.png
ERR: 无法加载模块:Qiyue

[ 2018-05-16T12:38:21+08:00 ] ::1 /qiyue/Public/Css/images/bar1.jpg
ERR: 无法加载模块:Qiyue

[ 2018-05-16T12:38:21+08:00 ] ::1 /qiyue/Public/Css/images/top.jpg
ERR: 无法加载模块:Qiyue

[ 2018-05-16T12:38:21+08:00 ] ::1 /qiyue/Public/Css/images/user.png
ERR: 无法加载模块:Qiyue

[ 2018-05-16T12:38:21+08:00 ] ::1 /qiyue/Public/Css/images/out.png
ERR: 无法加载模块:Qiyue

[ 2018-05-16T12:38:21+08:00 ] ::1 /qiyue/Public/Css/images/arrow_next.png
ERR: 无法加载模块:Qiyue

[ 2018-05-16T12:38:21+08:00 ] ::1 /qiyue/Public/Css/images/1_111219133417_2_03.gif
ERR: 无法加载模块:Qiyue

[ 2018-05-16T12:38:21+08:00 ] ::1 /qiyue/Public/Css/images/user.png
ERR: 无法加载模块:Qiyue

[ 2018-05-16T12:38:21+08:00 ] ::1 /qiyue/Public/Css/images/base.png
ERR: 无法加载模块:Qiyue

[ 2018-05-16T12:38:21+08:00 ] ::1 /qiyue/Public/Css/images/bar1.jpg
ERR: 无法加载模块:Qiyue

[ 2018-05-16T12:38:21+08:00 ] ::1 /qiyue/Public/Css/images/arrow_next.png
ERR: 无法加载模块:Qiyue

[ 2018-05-16T12:38:21+08:00 ] ::1 /qiyue/Public/Css/images/top.jpg
ERR: 无法加载模块:Qiyue

[ 2018-05-16T12:38:21+08:00 ] ::1 /qiyue/Public/Css/images/out.png
ERR: 无法加载模块:Qiyue

[ 2018-05-16T12:38:21+08:00 ] ::1 /qiyue/Public/Css/images/user.png
ERR: 无法加载模块:Qiyue

[ 2018-05-16T12:38:21+08:00 ] ::1 /qiyue/Public/Css/images/1_111219133417_2_03.gif
ERR: 无法加载模块:Qiyue

[ 2018-05-16T12:38:21+08:00 ] ::1 /qiyue/Public/Css/images/base.png
ERR: 无法加载模块:Qiyue

[ 2018-05-16T12:38:21+08:00 ] ::1 /qiyue/Public/Css/images/user.png
ERR: 无法加载模块:Qiyue

[ 2018-05-16T12:38:21+08:00 ] ::1 /qiyue/Public/Css/images/bar1.jpg
ERR: 无法加载模块:Qiyue

[ 2018-05-16T12:38:21+08:00 ] ::1 /qiyue/Public/Css/images/out.png
ERR: 无法加载模块:Qiyue

[ 2018-05-16T12:38:21+08:00 ] ::1 /qiyue/Public/Css/images/top.jpg
ERR: 无法加载模块:Qiyue

[ 2018-05-16T12:38:21+08:00 ] ::1 /qiyue/Public/Css/images/arrow_next.png
ERR: 无法加载模块:Qiyue

[ 2018-05-16T12:38:21+08:00 ] ::1 /qiyue/Public/Css/images/user.png
ERR: 无法加载模块:Qiyue

[ 2018-05-16T12:38:21+08:00 ] ::1 /qiyue/Public/Css/images/1_111219133417_2_03.gif
ERR: 无法加载模块:Qiyue

[ 2018-05-16T12:38:21+08:00 ] ::1 /qiyue/Public/Css/images/base.png
ERR: 无法加载模块:Qiyue

[ 2018-05-16T12:38:21+08:00 ] ::1 /qiyue/Public/Css/images/user.png
ERR: 无法加载模块:Qiyue

[ 2018-05-16T12:38:22+08:00 ] ::1 /qiyue/Public/Css/images/out.png
ERR: 无法加载模块:Qiyue

[ 2018-05-16T12:38:22+08:00 ] ::1 /qiyue/Public/Css/images/bar1.jpg
ERR: 无法加载模块:Qiyue

[ 2018-05-16T12:38:22+08:00 ] ::1 /qiyue/Public/Css/images/user.png
ERR: 无法加载模块:Qiyue

[ 2018-05-16T12:38:22+08:00 ] ::1 /qiyue/Public/Css/images/top.jpg
ERR: 无法加载模块:Qiyue

[ 2018-05-16T12:38:22+08:00 ] ::1 /qiyue/Public/Css/images/arrow_next.png
ERR: 无法加载模块:Qiyue

[ 2018-05-16T12:38:22+08:00 ] ::1 /qiyue/Public/Css/images/1_111219133417_2_03.gif
ERR: 无法加载模块:Qiyue

[ 2018-05-16T12:38:22+08:00 ] ::1 /qiyue/Public/Css/images/user.png
ERR: 无法加载模块:Qiyue

[ 2018-05-16T12:38:22+08:00 ] ::1 /qiyue/Public/Css/images/base.png
ERR: 无法加载模块:Qiyue

[ 2018-05-16T12:38:22+08:00 ] ::1 /qiyue/Public/Css/images/bar1.jpg
ERR: 无法加载模块:Qiyue

[ 2018-05-16T12:38:22+08:00 ] ::1 /qiyue/Public/Css/images/arrow_next.png
ERR: 无法加载模块:Qiyue

[ 2018-05-16T12:38:22+08:00 ] ::1 /qiyue/Public/Css/images/out.png
ERR: 无法加载模块:Qiyue

[ 2018-05-16T12:38:22+08:00 ] ::1 /qiyue/Public/Css/images/user.png
ERR: 无法加载模块:Qiyue

[ 2018-05-16T12:38:22+08:00 ] ::1 /qiyue/Public/Css/images/top.jpg
ERR: 无法加载模块:Qiyue

[ 2018-05-16T12:38:22+08:00 ] ::1 /qiyue/Public/Css/images/1_111219133417_2_03.gif
ERR: 无法加载模块:Qiyue

[ 2018-05-16T12:38:22+08:00 ] ::1 /qiyue/Public/Css/images/user.png
ERR: 无法加载模块:Qiyue

[ 2018-05-16T12:38:22+08:00 ] ::1 /qiyue/Public/Css/images/base.png
ERR: 无法加载模块:Qiyue

[ 2018-05-16T12:38:22+08:00 ] ::1 /qiyue/Public/Css/images/out.png
ERR: 无法加载模块:Qiyue

[ 2018-05-16T12:38:22+08:00 ] ::1 /qiyue/Public/Css/images/bar1.jpg
ERR: 无法加载模块:Qiyue

[ 2018-05-16T12:38:22+08:00 ] ::1 /qiyue/Public/Css/images/arrow_next.png
ERR: 无法加载模块:Qiyue

[ 2018-05-16T12:38:22+08:00 ] ::1 /qiyue/Public/Css/images/top.jpg
ERR: 无法加载模块:Qiyue

[ 2018-05-16T12:38:22+08:00 ] ::1 /qiyue/Public/Css/images/user.png
ERR: 无法加载模块:Qiyue

[ 2018-05-16T12:38:22+08:00 ] ::1 /qiyue/Public/Css/images/bar1.jpg
ERR: 无法加载模块:Qiyue

[ 2018-05-16T12:38:22+08:00 ] ::1 /qiyue/Public/Css/images/top.jpg
ERR: 无法加载模块:Qiyue

[ 2018-05-16T12:38:22+08:00 ] ::1 /qiyue/Public/Css/images/user.png
ERR: 无法加载模块:Qiyue

[ 2018-05-16T12:38:22+08:00 ] ::1 /qiyue/Public/Css/images/out.png
ERR: 无法加载模块:Qiyue

[ 2018-05-16T12:38:22+08:00 ] ::1 /qiyue/Public/Css/images/arrow_next.png
ERR: 无法加载模块:Qiyue

[ 2018-05-16T12:38:22+08:00 ] ::1 /qiyue/Public/Css/images/base.png
ERR: 无法加载模块:Qiyue

[ 2018-05-16T12:38:22+08:00 ] ::1 /qiyue/Public/Css/images/user.png
ERR: 无法加载模块:Qiyue

[ 2018-05-16T12:38:22+08:00 ] ::1 /qiyue/Public/Css/images/1_111219133417_2_03.gif
ERR: 无法加载模块:Qiyue

[ 2018-05-16T12:38:22+08:00 ] ::1 /qiyue/Public/Css/images/out.png
ERR: 无法加载模块:Qiyue

[ 2018-05-16T12:38:22+08:00 ] ::1 /qiyue/Public/Css/images/top.jpg
ERR: 无法加载模块:Qiyue

[ 2018-05-16T12:38:22+08:00 ] ::1 /qiyue/Public/Css/images/user.png
ERR: 无法加载模块:Qiyue

[ 2018-05-16T12:38:22+08:00 ] ::1 /qiyue/Public/Css/images/bar1.jpg
ERR: 无法加载模块:Qiyue

[ 2018-05-16T12:38:22+08:00 ] ::1 /qiyue/Public/Css/images/arrow_next.png
ERR: 无法加载模块:Qiyue

[ 2018-05-16T12:38:22+08:00 ] ::1 /qiyue/Public/Css/images/1_111219133417_2_03.gif
ERR: 无法加载模块:Qiyue

[ 2018-05-16T12:38:22+08:00 ] ::1 /qiyue/Public/Css/images/base.png
ERR: 无法加载模块:Qiyue

[ 2018-05-16T12:38:22+08:00 ] ::1 /qiyue/Public/Css/images/user.png
ERR: 无法加载模块:Qiyue

[ 2018-05-16T12:38:23+08:00 ] ::1 /qiyue/Public/Css/images/bar1.jpg
ERR: 无法加载模块:Qiyue

[ 2018-05-16T12:38:23+08:00 ] ::1 /qiyue/Public/Css/images/out.png
ERR: 无法加载模块:Qiyue

[ 2018-05-16T12:38:23+08:00 ] ::1 /qiyue/Public/Css/images/user.png
ERR: 无法加载模块:Qiyue

[ 2018-05-16T12:38:23+08:00 ] ::1 /qiyue/Public/Css/images/top.jpg
ERR: 无法加载模块:Qiyue

[ 2018-05-16T12:38:23+08:00 ] ::1 /qiyue/Public/Css/images/arrow_next.png
ERR: 无法加载模块:Qiyue

[ 2018-05-16T12:38:23+08:00 ] ::1 /qiyue/Public/Css/images/1_111219133417_2_03.gif
ERR: 无法加载模块:Qiyue

[ 2018-05-16T12:38:23+08:00 ] ::1 /qiyue/Public/Css/images/user.png
ERR: 无法加载模块:Qiyue

[ 2018-05-16T12:38:23+08:00 ] ::1 /qiyue/Public/Css/images/base.png
ERR: 无法加载模块:Qiyue

[ 2018-05-16T12:38:23+08:00 ] ::1 /qiyue/Public/Css/images/arrow_next.png
ERR: 无法加载模块:Qiyue

[ 2018-05-16T12:38:23+08:00 ] ::1 /qiyue/Public/Css/images/top.jpg
ERR: 无法加载模块:Qiyue

[ 2018-05-16T12:38:23+08:00 ] ::1 /qiyue/Public/Css/images/user.png
ERR: 无法加载模块:Qiyue

[ 2018-05-16T12:38:23+08:00 ] ::1 /qiyue/Public/Css/images/bar1.jpg
ERR: 无法加载模块:Qiyue

[ 2018-05-16T12:38:23+08:00 ] ::1 /qiyue/Public/Css/images/out.png
ERR: 无法加载模块:Qiyue

[ 2018-05-16T12:38:23+08:00 ] ::1 /qiyue/Public/Css/images/user.png
ERR: 无法加载模块:Qiyue

[ 2018-05-16T12:38:23+08:00 ] ::1 /qiyue/Public/Css/images/base.png
ERR: 无法加载模块:Qiyue

[ 2018-05-16T12:38:23+08:00 ] ::1 /qiyue/Public/Css/images/1_111219133417_2_03.gif
ERR: 无法加载模块:Qiyue

[ 2018-05-16T12:38:23+08:00 ] ::1 /qiyue/Public/Css/images/arrow_next.png
ERR: 无法加载模块:Qiyue

[ 2018-05-16T12:38:23+08:00 ] ::1 /qiyue/Public/Css/images/top.jpg
ERR: 无法加载模块:Qiyue

[ 2018-05-16T12:38:23+08:00 ] ::1 /qiyue/Public/Css/images/out.png
ERR: 无法加载模块:Qiyue

[ 2018-05-16T12:38:23+08:00 ] ::1 /qiyue/Public/Css/images/user.png
ERR: 无法加载模块:Qiyue

[ 2018-05-16T12:38:23+08:00 ] ::1 /qiyue/Public/Css/images/bar1.jpg
ERR: 无法加载模块:Qiyue

[ 2018-05-16T12:38:23+08:00 ] ::1 /qiyue/Public/Css/images/user.png
ERR: 无法加载模块:Qiyue

[ 2018-05-16T12:38:23+08:00 ] ::1 /qiyue/Public/Css/images/base.png
ERR: 无法加载模块:Qiyue

[ 2018-05-16T12:38:23+08:00 ] ::1 /qiyue/Public/Css/images/1_111219133417_2_03.gif
ERR: 无法加载模块:Qiyue

[ 2018-05-16T12:39:09+08:00 ] ::1 /qiyue/Public/Css/images/bar1.jpg
ERR: 无法加载模块:Qiyue

[ 2018-05-16T12:39:09+08:00 ] ::1 /qiyue/Public/Css/images/user.png
ERR: 无法加载模块:Qiyue

[ 2018-05-16T12:39:09+08:00 ] ::1 /qiyue/Public/Css/images/top.jpg
ERR: 无法加载模块:Qiyue

[ 2018-05-16T12:39:09+08:00 ] ::1 /qiyue/Public/Css/images/arrow_next.png
ERR: 无法加载模块:Qiyue

[ 2018-05-16T12:39:09+08:00 ] ::1 /qiyue/Public/Css/images/out.png
ERR: 无法加载模块:Qiyue

[ 2018-05-16T12:39:09+08:00 ] ::1 /qiyue/Public/Css/images/1_111219133417_2_03.gif
ERR: 无法加载模块:Qiyue

[ 2018-05-16T12:39:09+08:00 ] ::1 /qiyue/Public/Css/images/user.png
ERR: 无法加载模块:Qiyue

[ 2018-05-16T12:39:09+08:00 ] ::1 /qiyue/Public/Css/images/base.png
ERR: 无法加载模块:Qiyue

[ 2018-05-16T12:39:09+08:00 ] ::1 /qiyue/Public/Css/images/bar1.jpg
ERR: 无法加载模块:Qiyue

[ 2018-05-16T12:39:09+08:00 ] ::1 /qiyue/Public/Css/images/arrow_next.png
ERR: 无法加载模块:Qiyue

[ 2018-05-16T12:39:09+08:00 ] ::1 /qiyue/Public/Css/images/user.png
ERR: 无法加载模块:Qiyue

[ 2018-05-16T12:39:10+08:00 ] ::1 /qiyue/Public/Css/images/out.png
ERR: 无法加载模块:Qiyue

[ 2018-05-16T12:39:10+08:00 ] ::1 /qiyue/Public/Css/images/top.jpg
ERR: 无法加载模块:Qiyue

[ 2018-05-16T12:39:10+08:00 ] ::1 /qiyue/Public/Css/images/user.png
ERR: 无法加载模块:Qiyue

[ 2018-05-16T12:39:10+08:00 ] ::1 /qiyue/Public/Css/images/base.png
ERR: 无法加载模块:Qiyue

[ 2018-05-16T12:39:10+08:00 ] ::1 /qiyue/Public/Css/images/1_111219133417_2_03.gif
ERR: 无法加载模块:Qiyue

[ 2018-05-16T12:39:10+08:00 ] ::1 /qiyue/Public/Css/images/bar1.jpg
ERR: 无法加载模块:Qiyue

[ 2018-05-16T12:39:10+08:00 ] ::1 /qiyue/Public/Css/images/out.png
ERR: 无法加载模块:Qiyue

[ 2018-05-16T12:39:10+08:00 ] ::1 /qiyue/Public/Css/images/user.png
ERR: 无法加载模块:Qiyue

[ 2018-05-16T12:39:10+08:00 ] ::1 /qiyue/Public/Css/images/top.jpg
ERR: 无法加载模块:Qiyue

[ 2018-05-16T12:39:10+08:00 ] ::1 /qiyue/Public/Css/images/arrow_next.png
ERR: 无法加载模块:Qiyue

[ 2018-05-16T12:39:10+08:00 ] ::1 /qiyue/Public/Css/images/user.png
ERR: 无法加载模块:Qiyue

[ 2018-05-16T12:39:10+08:00 ] ::1 /qiyue/Public/Css/images/base.png
ERR: 无法加载模块:Qiyue

[ 2018-05-16T12:39:10+08:00 ] ::1 /qiyue/Public/Css/images/1_111219133417_2_03.gif
ERR: 无法加载模块:Qiyue

[ 2018-05-16T12:39:10+08:00 ] ::1 /qiyue/Public/Css/images/top.jpg
ERR: 无法加载模块:Qiyue

[ 2018-05-16T12:39:10+08:00 ] ::1 /qiyue/Public/Css/images/bar1.jpg
ERR: 无法加载模块:Qiyue

[ 2018-05-16T12:39:10+08:00 ] ::1 /qiyue/Public/Css/images/out.png
ERR: 无法加载模块:Qiyue

[ 2018-05-16T12:39:10+08:00 ] ::1 /qiyue/Public/Css/images/user.png
ERR: 无法加载模块:Qiyue

[ 2018-05-16T12:39:10+08:00 ] ::1 /qiyue/Public/Css/images/arrow_next.png
ERR: 无法加载模块:Qiyue

[ 2018-05-16T12:39:10+08:00 ] ::1 /qiyue/Public/Css/images/base.png
ERR: 无法加载模块:Qiyue

[ 2018-05-16T12:39:10+08:00 ] ::1 /qiyue/Public/Css/images/1_111219133417_2_03.gif
ERR: 无法加载模块:Qiyue

[ 2018-05-16T12:39:10+08:00 ] ::1 /qiyue/Public/Css/images/user.png
ERR: 无法加载模块:Qiyue

[ 2018-05-16T12:39:10+08:00 ] ::1 /qiyue/Public/Css/images/bar1.jpg
ERR: 无法加载模块:Qiyue

[ 2018-05-16T12:39:10+08:00 ] ::1 /qiyue/Public/Css/images/top.jpg
ERR: 无法加载模块:Qiyue

[ 2018-05-16T12:39:10+08:00 ] ::1 /qiyue/Public/Css/images/user.png
ERR: 无法加载模块:Qiyue

[ 2018-05-16T12:39:10+08:00 ] ::1 /qiyue/Public/Css/images/out.png
ERR: 无法加载模块:Qiyue

[ 2018-05-16T12:39:10+08:00 ] ::1 /qiyue/Public/Css/images/arrow_next.png
ERR: 无法加载模块:Qiyue

[ 2018-05-16T12:39:10+08:00 ] ::1 /qiyue/Public/Css/images/base.png
ERR: 无法加载模块:Qiyue

[ 2018-05-16T12:39:10+08:00 ] ::1 /qiyue/Public/Css/images/1_111219133417_2_03.gif
ERR: 无法加载模块:Qiyue

[ 2018-05-16T12:39:10+08:00 ] ::1 /qiyue/Public/Css/images/user.png
ERR: 无法加载模块:Qiyue

[ 2018-05-16T12:39:10+08:00 ] ::1 /qiyue/Public/Css/images/user.png
ERR: 无法加载模块:Qiyue

[ 2018-05-16T12:39:10+08:00 ] ::1 /qiyue/Public/Css/images/bar1.jpg
ERR: 无法加载模块:Qiyue

[ 2018-05-16T12:39:10+08:00 ] ::1 /qiyue/Public/Css/images/out.png
ERR: 无法加载模块:Qiyue

[ 2018-05-16T12:39:10+08:00 ] ::1 /qiyue/Public/Css/images/top.jpg
ERR: 无法加载模块:Qiyue

[ 2018-05-16T12:39:10+08:00 ] ::1 /qiyue/Public/Css/images/arrow_next.png
ERR: 无法加载模块:Qiyue

[ 2018-05-16T12:39:10+08:00 ] ::1 /qiyue/Public/Css/images/1_111219133417_2_03.gif
ERR: 无法加载模块:Qiyue

[ 2018-05-16T12:39:10+08:00 ] ::1 /qiyue/Public/Css/images/user.png
ERR: 无法加载模块:Qiyue

[ 2018-05-16T12:39:10+08:00 ] ::1 /qiyue/Public/Css/images/base.png
ERR: 无法加载模块:Qiyue

[ 2018-05-16T12:39:10+08:00 ] ::1 /qiyue/Public/Css/images/bar1.jpg
ERR: 无法加载模块:Qiyue

[ 2018-05-16T12:39:10+08:00 ] ::1 /qiyue/Public/Css/images/out.png
ERR: 无法加载模块:Qiyue

[ 2018-05-16T12:39:10+08:00 ] ::1 /qiyue/Public/Css/images/arrow_next.png
ERR: 无法加载模块:Qiyue

[ 2018-05-16T12:39:10+08:00 ] ::1 /qiyue/Public/Css/images/top.jpg
ERR: 无法加载模块:Qiyue

[ 2018-05-16T12:39:10+08:00 ] ::1 /qiyue/Public/Css/images/user.png
ERR: 无法加载模块:Qiyue

[ 2018-05-16T12:39:10+08:00 ] ::1 /qiyue/Public/Css/images/base.png
ERR: 无法加载模块:Qiyue

[ 2018-05-16T12:39:10+08:00 ] ::1 /qiyue/Public/Css/images/user.png
ERR: 无法加载模块:Qiyue

[ 2018-05-16T12:39:10+08:00 ] ::1 /qiyue/Public/Css/images/1_111219133417_2_03.gif
ERR: 无法加载模块:Qiyue

[ 2018-05-16T12:39:10+08:00 ] ::1 /qiyue/Public/Css/images/out.png
ERR: 无法加载模块:Qiyue

[ 2018-05-16T12:39:10+08:00 ] ::1 /qiyue/Public/Css/images/top.jpg
ERR: 无法加载模块:Qiyue

[ 2018-05-16T12:39:10+08:00 ] ::1 /qiyue/Public/Css/images/bar1.jpg
ERR: 无法加载模块:Qiyue

[ 2018-05-16T12:39:10+08:00 ] ::1 /qiyue/Public/Css/images/arrow_next.png
ERR: 无法加载模块:Qiyue

[ 2018-05-16T12:39:10+08:00 ] ::1 /qiyue/Public/Css/images/user.png
ERR: 无法加载模块:Qiyue

[ 2018-05-16T12:39:11+08:00 ] ::1 /qiyue/Public/Css/images/base.png
ERR: 无法加载模块:Qiyue

[ 2018-05-16T12:39:11+08:00 ] ::1 /qiyue/Public/Css/images/user.png
ERR: 无法加载模块:Qiyue

[ 2018-05-16T12:39:11+08:00 ] ::1 /qiyue/Public/Css/images/1_111219133417_2_03.gif
ERR: 无法加载模块:Qiyue

[ 2018-05-16T12:39:11+08:00 ] ::1 /qiyue/Public/Css/images/arrow_next.png
ERR: 无法加载模块:Qiyue

[ 2018-05-16T12:39:11+08:00 ] ::1 /qiyue/Public/Css/images/out.png
ERR: 无法加载模块:Qiyue

[ 2018-05-16T12:39:11+08:00 ] ::1 /qiyue/Public/Css/images/user.png
ERR: 无法加载模块:Qiyue

[ 2018-05-16T12:39:11+08:00 ] ::1 /qiyue/Public/Css/images/bar1.jpg
ERR: 无法加载模块:Qiyue

[ 2018-05-16T12:39:11+08:00 ] ::1 /qiyue/Public/Css/images/top.jpg
ERR: 无法加载模块:Qiyue

[ 2018-05-16T12:39:11+08:00 ] ::1 /qiyue/Public/Css/images/1_111219133417_2_03.gif
ERR: 无法加载模块:Qiyue

[ 2018-05-16T12:39:11+08:00 ] ::1 /qiyue/Public/Css/images/user.png
ERR: 无法加载模块:Qiyue

[ 2018-05-16T12:39:11+08:00 ] ::1 /qiyue/Public/Css/images/base.png
ERR: 无法加载模块:Qiyue

